<?xml version="1.0" encoding="UTF-8"?>
<coverage generated="1771902760158" clover="3.2.0">
  <project timestamp="1771902760158" name="All files">
    <metrics statements="26" coveredstatements="26" conditionals="9" coveredconditionals="8" methods="9" coveredmethods="9" elements="44" coveredelements="43" complexity="0" loc="26" ncloc="26" packages="4" files="4" classes="4"/>
    <package name="Components.GuideList">
      <metrics statements="4" coveredstatements="4" conditionals="0" coveredconditionals="0" methods="3" coveredmethods="3"/>
      <file name="index.tsx" path="C:\Users\PRIME BLACK LION\Documents\Carrera EBAC\Modulo 34\houndexpress\src\Components\GuideList\index.tsx">
        <metrics statements="4" coveredstatements="4" conditionals="0" coveredconditionals="0" methods="3" coveredmethods="3"/>
        <line num="23" count="1" type="stmt"/>
        <line num="24" count="3" type="stmt"/>
        <line num="45" count="3" type="stmt"/>
        <line num="58" count="1" type="stmt"/>
      </file>
    </package>
    <package name="Components.GuideRegister">
      <metrics statements="16" coveredstatements="16" conditionals="9" coveredconditionals="8" methods="3" coveredmethods="3"/>
      <file name="index.tsx" path="C:\Users\PRIME BLACK LION\Documents\Carrera EBAC\Modulo 34\houndexpress\src\Components\GuideRegister\index.tsx">
        <metrics statements="16" coveredstatements="16" conditionals="9" coveredconditionals="8" methods="3" coveredmethods="3"/>
        <line num="9" count="1" type="stmt"/>
        <line num="10" count="13" type="stmt"/>
        <line num="11" count="13" type="stmt"/>
        <line num="20" count="13" type="stmt"/>
        <line num="21" count="10" type="stmt"/>
        <line num="22" count="10" type="stmt"/>
        <line num="28" count="13" type="stmt"/>
        <line num="29" count="2" type="stmt"/>
        <line num="31" count="2" type="cond" truecount="7" falsecount="0"/>
        <line num="32" count="1" type="stmt"/>
        <line num="33" count="1" type="stmt"/>
        <line num="36" count="1" type="stmt"/>
        <line num="42" count="1" type="stmt"/>
        <line num="51" count="1" type="stmt"/>
        <line num="55" count="1" type="stmt"/>
        <line num="58" count="13" type="stmt"/>
      </file>
    </package>
    <package name="Components.GuideState">
      <metrics statements="5" coveredstatements="5" conditionals="0" coveredconditionals="0" methods="3" coveredmethods="3"/>
      <file name="index.tsx" path="C:\Users\PRIME BLACK LION\Documents\Carrera EBAC\Modulo 34\houndexpress\src\Components\GuideState\index.tsx">
        <metrics statements="5" coveredstatements="5" conditionals="0" coveredconditionals="0" methods="3" coveredmethods="3"/>
        <line num="20" count="1" type="stmt"/>
        <line num="21" count="1" type="stmt"/>
        <line num="22" count="5" type="stmt"/>
        <line num="23" count="5" type="stmt"/>
        <line num="25" count="1" type="stmt"/>
      </file>
    </package>
    <package name="store">
      <metrics statements="1" coveredstatements="1" conditionals="0" coveredconditionals="0" methods="0" coveredmethods="0"/>
      <file name="store.ts" path="C:\Users\PRIME BLACK LION\Documents\Carrera EBAC\Modulo 34\houndexpress\src\store\store.ts">
        <metrics statements="1" coveredstatements="1" conditionals="0" coveredconditionals="0" methods="0" coveredmethods="0"/>
        <line num="4" count="3" type="stmt"/>
      </file>
    </package>
  </project>
</coverage>
