{"C:\\Users\\PRIME BLACK LION\\Documents\\Carrera EBAC\\Modulo 34\\houndexpress\\src\\Components\\GuideList\\index.tsx": {"path":"C:\\Users\\PRIME BLACK LION\\Documents\\Carrera EBAC\\Modulo 34\\houndexpress\\src\\Components\\GuideList\\index.tsx","statementMap":{"0":{"start":{"line":23,"column":18},"end":{"line":75,"column":1}},"1":{"start":{"line":24,"column":4},"end":{"line":74,"column":6}},"2":{"start":{"line":45,"column":36},"end":{"line":65,"column":41}},"3":{"start":{"line":58,"column":65},"end":{"line":58,"column":114}}},"fnMap":{"0":{"name":"(anonymous_0)","decl":{"start":{"line":23,"column":18},"end":{"line":23,"column":19}},"loc":{"start":{"line":23,"column":66},"end":{"line":75,"column":1}},"line":23},"1":{"name":"(anonymous_1)","decl":{"start":{"line":44,"column":44},"end":{"line":44,"column":45}},"loc":{"start":{"line":45,"column":36},"end":{"line":65,"column":41}},"line":45},"2":{"name":"(anonymous_2)","decl":{"start":{"line":58,"column":58},"end":{"line":58,"column":59}},"loc":{"start":{"line":58,"column":65},"end":{"line":58,"column":114}},"line":58}},"branchMap":{},"s":{"0":1,"1":3,"2":3,"3":1},"f":{"0":3,"1":3,"2":1},"b":{},"_coverageSchema":"1a1c01bbd47fc00a2c39e90264f33305004495a9","hash":"3188870b82a17a7da972e273e1ccf0256a21a314"}
,"C:\\Users\\PRIME BLACK LION\\Documents\\Carrera EBAC\\Modulo 34\\houndexpress\\src\\Components\\GuideRegister\\index.tsx": {"path":"C:\\Users\\PRIME BLACK LION\\Documents\\Carrera EBAC\\Modulo 34\\houndexpress\\src\\Components\\GuideRegister\\index.tsx","statementMap":{"0":{"start":{"line":9,"column":22},"end":{"line":153,"column":1}},"1":{"start":{"line":10,"column":21},"end":{"line":10,"column":34}},"2":{"start":{"line":11,"column":36},"end":{"line":18,"column":6}},"3":{"start":{"line":20,"column":30},"end":{"line":26,"column":5}},"4":{"start":{"line":21,"column":32},"end":{"line":21,"column":40}},"5":{"start":{"line":22,"column":8},"end":{"line":25,"column":11}},"6":{"start":{"line":28,"column":25},"end":{"line":56,"column":5}},"7":{"start":{"line":29,"column":8},"end":{"line":29,"column":27}},"8":{"start":{"line":31,"column":8},"end":{"line":34,"column":9}},"9":{"start":{"line":32,"column":12},"end":{"line":32,"column":57}},"10":{"start":{"line":33,"column":12},"end":{"line":33,"column":19}},"11":{"start":{"line":36,"column":53},"end":{"line":40,"column":9}},"12":{"start":{"line":42,"column":25},"end":{"line":49,"column":9}},"13":{"start":{"line":51,"column":8},"end":{"line":51,"column":37}},"14":{"start":{"line":55,"column":8},"end":{"line":55,"column":46}},"15":{"start":{"line":58,"column":4},"end":{"line":152,"column":6}}},"fnMap":{"0":{"name":"(anonymous_0)","decl":{"start":{"line":9,"column":22},"end":{"line":9,"column":23}},"loc":{"start":{"line":9,"column":28},"end":{"line":153,"column":1}},"line":9},"1":{"name":"(anonymous_1)","decl":{"start":{"line":20,"column":30},"end":{"line":20,"column":31}},"loc":{"start":{"line":20,"column":88},"end":{"line":26,"column":5}},"line":20},"2":{"name":"(anonymous_2)","decl":{"start":{"line":28,"column":25},"end":{"line":28,"column":26}},"loc":{"start":{"line":28,"column":60},"end":{"line":56,"column":5}},"line":28}},"branchMap":{"0":{"loc":{"start":{"line":31,"column":8},"end":{"line":34,"column":9}},"type":"if","locations":[{"start":{"line":31,"column":8},"end":{"line":34,"column":9}},{"start":{},"end":{}}],"line":31},"1":{"loc":{"start":{"line":31,"column":12},"end":{"line":31,"column":119}},"type":"binary-expr","locations":[{"start":{"line":31,"column":12},"end":{"line":31,"column":34}},{"start":{"line":31,"column":38},"end":{"line":31,"column":54}},{"start":{"line":31,"column":58},"end":{"line":31,"column":79}},{"start":{"line":31,"column":83},"end":{"line":31,"column":101}},{"start":{"line":31,"column":105},"end":{"line":31,"column":119}}],"line":31},"2":{"loc":{"start":{"line":44,"column":20},"end":{"line":44,"column":61}},"type":"binary-expr","locations":[{"start":{"line":44,"column":20},"end":{"line":44,"column":46}},{"start":{"line":44,"column":50},"end":{"line":44,"column":61}}],"line":44}},"s":{"0":1,"1":13,"2":13,"3":13,"4":10,"5":10,"6":13,"7":2,"8":2,"9":1,"10":1,"11":1,"12":1,"13":1,"14":1,"15":13},"f":{"0":13,"1":10,"2":2},"b":{"0":[1,1],"1":[2,2,2,2,2],"2":[1,0]},"_coverageSchema":"1a1c01bbd47fc00a2c39e90264f33305004495a9","hash":"3319a31a519621fec5a51e465cbd6f87a7ca72f9"}
,"C:\\Users\\PRIME BLACK LION\\Documents\\Carrera EBAC\\Modulo 34\\houndexpress\\src\\Components\\GuideState\\index.tsx": {"path":"C:\\Users\\PRIME BLACK LION\\Documents\\Carrera EBAC\\Modulo 34\\houndexpress\\src\\Components\\GuideState\\index.tsx","statementMap":{"0":{"start":{"line":20,"column":19},"end":{"line":46,"column":1}},"1":{"start":{"line":21,"column":24},"end":{"line":21,"column":37}},"2":{"start":{"line":22,"column":22},"end":{"line":22,"column":78}},"3":{"start":{"line":22,"column":45},"end":{"line":22,"column":70}},"4":{"start":{"line":23,"column":22},"end":{"line":23,"column":78}},"5":{"start":{"line":23,"column":45},"end":{"line":23,"column":70}},"6":{"start":{"line":25,"column":4},"end":{"line":45,"column":5}}},"fnMap":{"0":{"name":"(anonymous_0)","decl":{"start":{"line":20,"column":19},"end":{"line":20,"column":20}},"loc":{"start":{"line":20,"column":52},"end":{"line":46,"column":1}},"line":20},"1":{"name":"(anonymous_1)","decl":{"start":{"line":22,"column":36},"end":{"line":22,"column":37}},"loc":{"start":{"line":22,"column":45},"end":{"line":22,"column":70}},"line":22},"2":{"name":"(anonymous_2)","decl":{"start":{"line":23,"column":36},"end":{"line":23,"column":37}},"loc":{"start":{"line":23,"column":45},"end":{"line":23,"column":70}},"line":23}},"branchMap":{},"s":{"0":1,"1":1,"2":1,"3":5,"4":1,"5":5,"6":1},"f":{"0":1,"1":5,"2":5},"b":{},"_coverageSchema":"1a1c01bbd47fc00a2c39e90264f33305004495a9","hash":"d5bf03fdcb972932c446dd4655426f78d1768ea3"}
,"C:\\Users\\PRIME BLACK LION\\Documents\\Carrera EBAC\\Modulo 34\\houndexpress\\src\\store\\store.ts": {"path":"C:\\Users\\PRIME BLACK LION\\Documents\\Carrera EBAC\\Modulo 34\\houndexpress\\src\\store\\store.ts","statementMap":{"0":{"start":{"line":4,"column":21},"end":{"line":8,"column":2}}},"fnMap":{},"branchMap":{},"s":{"0":3},"f":{},"b":{},"_coverageSchema":"1a1c01bbd47fc00a2c39e90264f33305004495a9","hash":"3af6bfa7bd18532f46904b051930f26d8c98ddd6"}
}
