TN:
SF:src\Components\GuideList\index.tsx
FN:23,(anonymous_0)
FN:44,(anonymous_1)
FN:58,(anonymous_2)
FNF:3
FNH:3
FNDA:3,(anonymous_0)
FNDA:3,(anonymous_1)
FNDA:1,(anonymous_2)
DA:23,1
DA:24,3
DA:45,3
DA:58,1
LF:4
LH:4
BRF:0
BRH:0
end_of_record
TN:
SF:src\Components\GuideRegister\index.tsx
FN:9,(anonymous_0)
FN:20,(anonymous_1)
FN:28,(anonymous_2)
FNF:3
FNH:3
FNDA:13,(anonymous_0)
FNDA:10,(anonymous_1)
FNDA:2,(anonymous_2)
DA:9,1
DA:10,13
DA:11,13
DA:20,13
DA:21,10
DA:22,10
DA:28,13
DA:29,2
DA:31,2
DA:32,1
DA:33,1
DA:36,1
DA:42,1
DA:51,1
DA:55,1
DA:58,13
LF:16
LH:16
BRDA:31,0,0,1
BRDA:31,0,1,1
BRDA:31,1,0,2
BRDA:31,1,1,2
BRDA:31,1,2,2
BRDA:31,1,3,2
BRDA:31,1,4,2
BRDA:44,2,0,1
BRDA:44,2,1,0
BRF:9
BRH:8
end_of_record
TN:
SF:src\Components\GuideState\index.tsx
FN:20,(anonymous_0)
FN:22,(anonymous_1)
FN:23,(anonymous_2)
FNF:3
FNH:3
FNDA:1,(anonymous_0)
FNDA:5,(anonymous_1)
FNDA:5,(anonymous_2)
DA:20,1
DA:21,1
DA:22,5
DA:23,5
DA:25,1
LF:5
LH:5
BRF:0
BRH:0
end_of_record
TN:
SF:src\store\store.ts
FNF:0
FNH:0
DA:4,3
LF:1
LH:1
BRF:0
BRH:0
end_of_record
